<?xml version="1.0" encoding="UTF-8"?>
<!-- Generated by org.testng.reporters.JUnitXMLReporter -->
<testsuite hostname="kaushal" name="test_01" tests="1" failures="1" timestamp="1 Apr 2017 08:09:00 GMT" time="5.889" errors="0">
  <testcase name="f" time="2.794" classname="testScripts.CreateAccountERPScenario">
    <failure type="java.lang.NullPointerException">
      <![CDATA[java.lang.NullPointerException
	at utility.BaseClass.click(BaseClass.java:95)
	at components.CreateAccountERPMethod.loginRegister(CreateAccountERPMethod.java:27)
	at testScripts.CreateAccountERPScenario.f(CreateAccountERPScenario.java:18)
... Removed 24 stack frames]]>
    </failure>
  </testcase> <!-- f -->
</testsuite> <!-- test_01 -->
