<?xml version="1.0" encoding="UTF-8"?>
<!-- Generated by org.testng.reporters.JUnitXMLReporter -->
<testsuite hostname="kaushal" name="test_01" tests="1" failures="1" timestamp="20 Jan 2017 18:11:41 GMT" time="5.67" errors="0">
  <testcase name="f" time="2.593" classname="testScripts.HMSEmergencyScenario">
    <failure type="java.lang.NullPointerException">
      <![CDATA[java.lang.NullPointerException
	at utility.ReadData.fullScreenCapture(ReadData.java:183)
	at utility.ReadData.addStepDetails(ReadData.java:116)
	at utility.BaseClass.type(BaseClass.java:139)
	at components.HMSEmergencyMethod.userLogin(HMSEmergencyMethod.java:27)
	at testScripts.HMSEmergencyScenario.f(HMSEmergencyScenario.java:17)
... Removed 24 stack frames]]>
    </failure>
  </testcase> <!-- f -->
</testsuite> <!-- test_01 -->
