<?xml version="1.0" encoding="UTF-8"?>
<testng-results skipped="0" failed="0" ignored="0" total="1" passed="1">
  <reporter-output>
  </reporter-output>
  <suite name="Default suite" duration-ms="20808" started-at="2017-01-12T20:38:11Z" finished-at="2017-01-12T20:38:32Z">
    <groups>
    </groups>
    <test name="Default test" duration-ms="20808" started-at="2017-01-12T20:38:11Z" finished-at="2017-01-12T20:38:32Z">
      <class name="ioStream.LoginRetesting_Results">
        <test-method status="PASS" signature="beforeTest()[pri:0, instance:ioStream.LoginRetesting_Results@56f4468b]" name="beforeTest" is-config="true" duration-ms="8454" started-at="2017-01-13T02:08:11Z" finished-at="2017-01-13T02:08:19Z">
          <reporter-output>
          </reporter-output>
        </test-method> <!-- beforeTest -->
        <test-method status="PASS" signature="f()[pri:0, instance:ioStream.LoginRetesting_Results@56f4468b]" name="f" duration-ms="12314" started-at="2017-01-13T02:08:19Z" finished-at="2017-01-13T02:08:32Z">
          <reporter-output>
          </reporter-output>
        </test-method> <!-- f -->
        <test-method status="PASS" signature="afterTest()[pri:0, instance:ioStream.LoginRetesting_Results@56f4468b]" name="afterTest" is-config="true" duration-ms="0" started-at="2017-01-13T02:08:32Z" finished-at="2017-01-13T02:08:32Z">
          <reporter-output>
          </reporter-output>
        </test-method> <!-- afterTest -->
      </class> <!-- ioStream.LoginRetesting_Results -->
    </test> <!-- Default test -->
  </suite> <!-- Default suite -->
</testng-results>
