<?xml version="1.0" encoding="UTF-8"?>
<testng-results skipped="0" failed="0" ignored="0" total="1" passed="1">
  <reporter-output>
  </reporter-output>
  <suite name="Default suite" duration-ms="20516" started-at="2018-06-27T18:06:59Z" finished-at="2018-06-27T18:07:19Z">
    <groups>
    </groups>
    <test name="Default test" duration-ms="20516" started-at="2018-06-27T18:06:59Z" finished-at="2018-06-27T18:07:19Z">
      <class name="udemyProject.FacebookURL">
        <test-method status="PASS" signature="f()[pri:0, instance:udemyProject.FacebookURL@48503868]" name="f" duration-ms="20356" started-at="2018-06-27T18:06:59Z" finished-at="2018-06-27T18:07:19Z">
          <reporter-output>
          </reporter-output>
        </test-method> <!-- f -->
      </class> <!-- udemyProject.FacebookURL -->
    </test> <!-- Default test -->
  </suite> <!-- Default suite -->
</testng-results>
