<?xml version="1.0" encoding="UTF-8"?>
<!-- Generated by org.testng.reporters.JUnitXMLReporter -->
<testsuite hostname="kaushal" name="test_01" tests="1" failures="1" timestamp="1 Feb 2017 17:44:13 GMT" time="4.584" errors="0">
  <testcase name="f" time="1.54" classname="testScripts.US1112_Scenario">
    <failure type="java.lang.NullPointerException">
      <![CDATA[java.lang.NullPointerException
	at utility.BaseClass.click(BaseClass.java:95)
	at components.US1112_Method.loginRegister(US1112_Method.java:29)
	at testScripts.US1112_Scenario.f(US1112_Scenario.java:16)
... Removed 24 stack frames]]>
    </failure>
  </testcase> <!-- f -->
</testsuite> <!-- test_01 -->
