<?xml version="1.0" encoding="UTF-8"?>
<!-- Generated by org.testng.reporters.JUnitXMLReporter -->
<testsuite hostname="kaushal" name="Test_05" tests="1" failures="1" timestamp="8 Feb 2017 06:35:47 GMT" time="5.565" errors="0">
  <testcase name="f" time="2.479" classname="testScripts.SpiceJetTC5Scenario">
    <failure type="java.lang.NullPointerException">
      <![CDATA[java.lang.NullPointerException
	at utility.ReadData.readTestDataFile(ReadData.java:293)
	at testScripts.SpiceJetTC5Scenario.f(SpiceJetTC5Scenario.java:17)
... Removed 24 stack frames]]>
    </failure>
  </testcase> <!-- f -->
</testsuite> <!-- Test_05 -->
