<?xml version="1.0" encoding="UTF-8"?>
<testng-results skipped="0" failed="0" ignored="0" total="1" passed="1">
  <reporter-output>
  </reporter-output>
  <suite name="Default suite" duration-ms="86280" started-at="2017-02-07T08:53:52Z" finished-at="2017-02-07T08:55:18Z">
    <groups>
    </groups>
    <test name="Default test" duration-ms="86280" started-at="2017-02-07T08:53:52Z" finished-at="2017-02-07T08:55:18Z">
      <class name="ERP_SCenario.ERP_ItemMAster">
        <test-method status="PASS" signature="beforeTest()[pri:0, instance:ERP_SCenario.ERP_ItemMAster@5e3a8624]" name="beforeTest" is-config="true" duration-ms="13476" started-at="2017-02-07T14:23:52Z" finished-at="2017-02-07T14:24:05Z">
          <reporter-output>
          </reporter-output>
        </test-method> <!-- beforeTest -->
        <test-method status="PASS" signature="f()[pri:0, instance:ERP_SCenario.ERP_ItemMAster@5e3a8624]" name="f" duration-ms="72762" started-at="2017-02-07T14:24:05Z" finished-at="2017-02-07T14:25:18Z">
          <reporter-output>
          </reporter-output>
        </test-method> <!-- f -->
        <test-method status="PASS" signature="afterTest()[pri:0, instance:ERP_SCenario.ERP_ItemMAster@5e3a8624]" name="afterTest" is-config="true" duration-ms="1" started-at="2017-02-07T14:25:18Z" finished-at="2017-02-07T14:25:18Z">
          <reporter-output>
          </reporter-output>
        </test-method> <!-- afterTest -->
      </class> <!-- ERP_SCenario.ERP_ItemMAster -->
    </test> <!-- Default test -->
  </suite> <!-- Default suite -->
</testng-results>
