<?xml version="1.0" encoding="UTF-8"?>
<testng-results skipped="0" failed="0" total="1" passed="1">
  <reporter-output>
  </reporter-output>
  <suite name="Default suite" duration-ms="56971" started-at="2017-02-09T06:15:27Z" finished-at="2017-02-09T06:16:24Z">
    <groups>
    </groups>
    <test name="Default test" duration-ms="56971" started-at="2017-02-09T06:15:27Z" finished-at="2017-02-09T06:16:24Z">
      <class name="WAY2SMS.way2SMS">
        <test-method status="PASS" signature="beforeTest()[pri:0, instance:WAY2SMS.way2SMS@724af044]" name="beforeTest" is-config="true" duration-ms="28144" started-at="2017-02-09T11:45:27Z" finished-at="2017-02-09T11:45:56Z">
          <reporter-output>
          </reporter-output>
        </test-method> <!-- beforeTest -->
        <test-method status="PASS" signature="f()[pri:0, instance:WAY2SMS.way2SMS@724af044]" name="f" duration-ms="28764" started-at="2017-02-09T11:45:56Z" finished-at="2017-02-09T11:46:24Z">
          <reporter-output>
          </reporter-output>
        </test-method> <!-- f -->
        <test-method status="PASS" signature="afterTest()[pri:0, instance:WAY2SMS.way2SMS@724af044]" name="afterTest" is-config="true" duration-ms="0" started-at="2017-02-09T11:46:24Z" finished-at="2017-02-09T11:46:24Z">
          <reporter-output>
          </reporter-output>
        </test-method> <!-- afterTest -->
      </class> <!-- WAY2SMS.way2SMS -->
    </test> <!-- Default test -->
  </suite> <!-- Default suite -->
</testng-results>
